<?xml version="1.0" encoding="UTF-8"?>
<!-- Generated by org.testng.reporters.JUnitXMLReporter -->
<testsuite hostname="IBM-Testing01" ignored="4" name="groupsTest" tests="4" failures="0" timestamp="08 Jan 2020 09:37:45 GMT" time="0.053" errors="0">
  <testcase name="test1" time="0.011" classname="TestGroups.TestGroup1"/>
  <testcase name="test2" time="0.001" classname="TestGroups.TestGroup1"/>
  <testcase name="test3" time="0.0" classname="TestGroups.TestGroup1"/>
  <testcase name="test6" time="0.001" classname="TestGroups.TestGroup2"/>
  <testcase name="test8" time="0.0" classname="TestGroups.TestGroup2">
    <ignored/>
  </testcase> <!-- test8 -->
  <testcase name="test4" time="0.0" classname="TestGroups.TestGroup1">
    <ignored/>
  </testcase> <!-- test4 -->
  <testcase name="test5" time="0.0" classname="TestGroups.TestGroup2">
    <ignored/>
  </testcase> <!-- test5 -->
  <testcase name="test7" time="0.0" classname="TestGroups.TestGroup2">
    <ignored/>
  </testcase> <!-- test7 -->
</testsuite> <!-- groupsTest -->
