<?xml version="1.0" encoding="UTF-8"?>
<!-- Generated by org.testng.reporters.JUnitXMLReporter -->
<testsuite hostname="IBM-Testing01" ignored="0" name="FirefoxTest" tests="1" failures="0" timestamp="08 Jan 2020 10:18:56 GMT" time="0.202" errors="0">
  <testcase name="@BeforeTest startapp" time="0.15" classname="ParallelTestDemo.MyParallelDemo">
    <failure type="java.lang.IllegalStateException" message="The driver executable does not exist: E:\Softwares Required For Testing Batch\seleniumGH20software\geckodriver-v0.26.0-win64\geckodriver.exe.exe">
      <![CDATA[java.lang.IllegalStateException: The driver executable does not exist: E:\Softwares Required For Testing Batch\seleniumGH20software\geckodriver-v0.26.0-win64\geckodriver.exe.exe
at com.google.common.base.Preconditions.checkState(Preconditions.java:585)
at org.openqa.selenium.remote.service.DriverService.checkExecutable(DriverService.java:146)
at org.openqa.selenium.remote.service.DriverService.findExecutable(DriverService.java:141)
at org.openqa.selenium.firefox.GeckoDriverService.access$100(GeckoDriverService.java:44)
at org.openqa.selenium.firefox.GeckoDriverService$Builder.findDefaultExecutable(GeckoDriverService.java:167)
at org.openqa.selenium.remote.service.DriverService$Builder.build(DriverService.java:355)
at org.openqa.selenium.firefox.FirefoxDriver.toExecutor(FirefoxDriver.java:190)
at org.openqa.selenium.firefox.FirefoxDriver.<init>(FirefoxDriver.java:147)
at org.openqa.selenium.firefox.FirefoxDriver.<init>(FirefoxDriver.java:125)
at ParallelTestDemo.MyParallelDemo.startapp(MyParallelDemo.java:25)
at java.util.concurrent.FutureTask.run(Unknown Source)
at java.util.concurrent.ThreadPoolExecutor.runWorker(Unknown Source)
at java.util.concurrent.ThreadPoolExecutor$Worker.run(Unknown Source)
at java.lang.Thread.run(Unknown Source)
... Removed 15 stack frames]]>
    </failure>
  </testcase> <!-- @BeforeTest startapp -->
  <testcase name="@AfterTest logoff" time="0.0" classname="ParallelTestDemo.MyParallelDemo">
    <skipped/>
  </testcase> <!-- @AfterTest logoff -->
  <testcase name="login" time="0.0" classname="ParallelTestDemo.MyParallelDemo">
    <skipped/>
  </testcase> <!-- login -->
</testsuite> <!-- FirefoxTest -->
